Using pre-set license
Built from '2022.3/release' branch; Version is '2022.3.18f1 (d29bea25151d) revision 13802474'; Using compiler version '192829333'; Build Type 'Release'
OS: 'Windows 10  (10.0.19045) 64bit Enterprise' Language: 'en' Physical Memory: 65224 MB
BatchMode: 1, IsHumanControllingUs: 0, StartBugReporterOnCrash: 0, Is64bit: 1, IsPro: 1

COMMAND LINE ARGUMENTS:
C:\Program Files\Unity 2022.3.18f1\Editor\Unity.exe
-adb2
-batchMode
-noUpm
-name
AssetImportWorker0
-projectPath
C:/Users/3dcc3f5365a4d11c/Documents/GitHub/IntroToUnity-Lighting
-logFile
Logs/AssetImportWorker0.log
-srvPort
59356
Successfully changed project path to: C:/Users/3dcc3f5365a4d11c/Documents/GitHub/IntroToUnity-Lighting
C:/Users/3dcc3f5365a4d11c/Documents/GitHub/IntroToUnity-Lighting
[UnityMemory] Configuration Parameters - Can be set up in boot.config
    "memorysetup-bucket-allocator-granularity=16"
    "memorysetup-bucket-allocator-bucket-count=8"
    "memorysetup-bucket-allocator-block-size=33554432"
    "memorysetup-bucket-allocator-block-count=8"
    "memorysetup-main-allocator-block-size=16777216"
    "memorysetup-thread-allocator-block-size=16777216"
    "memorysetup-gfx-main-allocator-block-size=16777216"
    "memorysetup-gfx-thread-allocator-block-size=16777216"
    "memorysetup-cache-allocator-block-size=4194304"
    "memorysetup-typetree-allocator-block-size=2097152"
    "memorysetup-profiler-bucket-allocator-granularity=16"
    "memorysetup-profiler-bucket-allocator-bucket-count=8"
    "memorysetup-profiler-bucket-allocator-block-size=33554432"
    "memorysetup-profiler-bucket-allocator-block-count=8"
    "memorysetup-profiler-allocator-block-size=16777216"
    "memorysetup-profiler-editor-allocator-block-size=1048576"
    "memorysetup-temp-allocator-size-main=16777216"
    "memorysetup-job-temp-allocator-block-size=2097152"
    "memorysetup-job-temp-allocator-block-size-background=1048576"
    "memorysetup-job-temp-allocator-reduction-small-platforms=262144"
    "memorysetup-allocator-temp-initial-block-size-main=262144"
    "memorysetup-allocator-temp-initial-block-size-worker=262144"
    "memorysetup-temp-allocator-size-background-worker=32768"
    "memorysetup-temp-allocator-size-job-worker=262144"
    "memorysetup-temp-allocator-size-preload-manager=33554432"
    "memorysetup-temp-allocator-size-nav-mesh-worker=65536"
    "memorysetup-temp-allocator-size-audio-worker=65536"
    "memorysetup-temp-allocator-size-cloud-worker=32768"
    "memorysetup-temp-allocator-size-gi-baking-worker=262144"
    "memorysetup-temp-allocator-size-gfx=262144"
Player connection [32208] Host "[IP] 172.27.14.203 [Port] 0 [Flags] 2 [Guid] 2348131195 [EditorId] 2348131195 [Version] 1048832 [Id] WindowsEditor(7,NS00J002010DE12) [Debug] 1 [PackageName] WindowsEditor [ProjectName] Editor" joined multi-casting on [225.0.0.222:54997]...

Player connection [32208] Host "[IP] 172.27.14.203 [Port] 0 [Flags] 2 [Guid] 2348131195 [EditorId] 2348131195 [Version] 1048832 [Id] WindowsEditor(7,NS00J002010DE12) [Debug] 1 [PackageName] WindowsEditor [ProjectName] Editor" joined alternative multi-casting on [225.0.0.222:34997]...

[Physics::Module] Initialized MultithreadedJobDispatcher with 19 workers.
Refreshing native plugins compatible for Editor in 10.73 ms, found 3 plugins.
Preloading 0 native plugins for Editor in 0.00 ms.
Initialize engine version: 2022.3.18f1 (d29bea25151d)
[Subsystems] Discovering subsystems at path C:/Program Files/Unity 2022.3.18f1/Editor/Data/Resources/UnitySubsystems
[Subsystems] Discovering subsystems at path C:/Users/3dcc3f5365a4d11c/Documents/GitHub/IntroToUnity-Lighting/Assets
GfxDevice: creating device client; threaded=0; jobified=0
Direct3D:
    Version:  Direct3D 11.0 [level 11.1]
    Renderer: NVIDIA GeForce RTX 3090 (ID=0x2204)
    Vendor:   NVIDIA
    VRAM:     24340 MB
    Driver:   31.0.15.4601
Initialize mono
Mono path[0] = 'C:/Program Files/Unity 2022.3.18f1/Editor/Data/Managed'
Mono path[1] = 'C:/Program Files/Unity 2022.3.18f1/Editor/Data/MonoBleedingEdge/lib/mono/unityjit-win32'
Mono config path = 'C:/Program Files/Unity 2022.3.18f1/Editor/Data/MonoBleedingEdge/etc'
Using monoOptions --debugger-agent=transport=dt_socket,embedding=1,server=y,suspend=n,address=127.0.0.1:56316
Begin MonoManager ReloadAssembly
Registering precompiled unity dll's ...
Register platform support module: C:/Program Files/Unity 2022.3.18f1/Editor/Data/PlaybackEngines/WebGLSupport/UnityEditor.WebGL.Extensions.dll
Register platform support module: C:/Program Files/Unity 2022.3.18f1/Editor/Data/PlaybackEngines/AndroidPlayer/UnityEditor.Android.Extensions.dll
Register platform support module: C:/Program Files/Unity 2022.3.18f1/Editor/Data/PlaybackEngines/WindowsStandaloneSupport/UnityEditor.WindowsStandalone.Extensions.dll
Registered in 0.012424 seconds.
- Loaded All Assemblies, in  0.462 seconds
Native extension for WindowsStandalone target not found
Native extension for Android target not found
Native extension for WebGL target not found
Mono: successfully reloaded assembly
- Finished resetting the current domain, in  0.464 seconds
Domain Reload Profiling: 925ms
	BeginReloadAssembly (148ms)
		ExecutionOrderSort (0ms)
		DisableScriptedObjects (0ms)
		BackupInstance (0ms)
		ReleaseScriptingObjects (0ms)
		CreateAndSetChildDomain (2ms)
	RebuildCommonClasses (36ms)
	RebuildNativeTypeToScriptingClass (14ms)
	initialDomainReloadingComplete (80ms)
	LoadAllAssembliesAndSetupDomain (182ms)
		LoadAssemblies (143ms)
		RebuildTransferFunctionScriptingTraits (0ms)
		AnalyzeDomain (178ms)
			TypeCache.Refresh (177ms)
				TypeCache.ScanAssembly (159ms)
			ScanForSourceGeneratedMonoScriptInfo (0ms)
			ResolveRequiredComponents (1ms)
	FinalizeReload (465ms)
		ReleaseScriptCaches (0ms)
		RebuildScriptCaches (0ms)
		SetupLoadedEditorAssemblies (385ms)
			LogAssemblyErrors (0ms)
			InitializePlatformSupportModulesInManaged (159ms)
			SetLoadedEditorAssemblies (10ms)
			RefreshPlugins (0ms)
			BeforeProcessingInitializeOnLoad (3ms)
			ProcessInitializeOnLoadAttributes (152ms)
			ProcessInitializeOnLoadMethodAttributes (61ms)
			AfterProcessingInitializeOnLoad (0ms)
			EditorAssembliesLoaded (0ms)
		ExecutionOrderSort2 (0ms)
		AwakeInstancesAfterBackupRestoration (0ms)
========================================================================
Worker process is ready to serve import requests
Begin MonoManager ReloadAssembly
- Loaded All Assemblies, in  0.780 seconds
Refreshing native plugins compatible for Editor in 4.52 ms, found 3 plugins.
Native extension for WindowsStandalone target not found
Native extension for Android target not found
Native extension for WebGL target not found
Package Manager log level set to [2]
[Package Manager] Server::EnsureServerProcessIsRunning -- launch failed, reason: Unity was launched with the -noUpm command-line argument
[Package Manager] UpmClient::Send -- Unable to send message (not connected to UPM process).
[Package Manager] Cannot connect to Unity Package Manager local server
Mono: successfully reloaded assembly
- Finished resetting the current domain, in  0.796 seconds
Domain Reload Profiling: 1571ms
	BeginReloadAssembly (188ms)
		ExecutionOrderSort (0ms)
		DisableScriptedObjects (8ms)
		BackupInstance (0ms)
		ReleaseScriptingObjects (0ms)
		CreateAndSetChildDomain (21ms)
	RebuildCommonClasses (40ms)
	RebuildNativeTypeToScriptingClass (12ms)
	initialDomainReloadingComplete (55ms)
	LoadAllAssembliesAndSetupDomain (480ms)
		LoadAssemblies (384ms)
		RebuildTransferFunctionScriptingTraits (0ms)
		AnalyzeDomain (214ms)
			TypeCache.Refresh (191ms)
				TypeCache.ScanAssembly (174ms)
			ScanForSourceGeneratedMonoScriptInfo (16ms)
			ResolveRequiredComponents (5ms)
	FinalizeReload (796ms)
		ReleaseScriptCaches (0ms)
		RebuildScriptCaches (0ms)
		SetupLoadedEditorAssemblies (557ms)
			LogAssemblyErrors (0ms)
			InitializePlatformSupportModulesInManaged (32ms)
			SetLoadedEditorAssemblies (4ms)
			RefreshPlugins (0ms)
			BeforeProcessingInitializeOnLoad (76ms)
			ProcessInitializeOnLoadAttributes (410ms)
			ProcessInitializeOnLoadMethodAttributes (25ms)
			AfterProcessingInitializeOnLoad (11ms)
			EditorAssembliesLoaded (0ms)
		ExecutionOrderSort2 (0ms)
		AwakeInstancesAfterBackupRestoration (10ms)
Launched and connected shader compiler UnityShaderCompiler.exe after 0.06 seconds
Refreshing native plugins compatible for Editor in 2.38 ms, found 3 plugins.
Preloading 0 native plugins for Editor in 0.00 ms.
Unloading 3093 Unused Serialized files (Serialized files now loaded: 0)
Unloading 32 unused Assets / (57.0 KB). Loaded Objects now: 3557.
Memory consumption went from 128.9 MB to 128.8 MB.
Total: 2.053500 ms (FindLiveObjects: 0.154900 ms CreateObjectMapping: 0.070000 ms MarkObjects: 1.749300 ms  DeleteObjects: 0.078400 ms)

AssetImportParameters requested are different than current active one (requested -> active):
  custom:container-demuxer-ogg: 62fdf1f143b41e24485cea50d1cbac27 -> 
  custom:video-decoder-ogg-theora: a1e56fd34408186e4bbccfd4996cb3dc -> 
  custom:framework-win-MediaFoundation: 216162199b28c13a410421893ffa2e32 -> 
  custom:CustomObjectIndexerAttribute: 6d391050e5a25f67b0a2c618074f2cd9 -> 
  custom:container-demuxer-webm: 4f35f7cbe854078d1ac9338744f61a02 -> 
  custom:container-muxer-webm: aa71ff27fc2769a1b78a27578f13a17b -> 
  custom:video-decoder-webm-vp8: 9c59270c3fd7afecdb556c50c9e8de78 -> 
  custom:SearchIndexIgnoredProperties: e643bd26f0fe6173181afceb89e7c659 -> 
  custom:AudioImporter_EditorPlatform: d09bf68614088b80899f8185d706f6e7 -> 
  custom:video-encoder-webm-vp8: eb34c28f22e8b96e1ab97ce403110664 -> 
  custom:audio-decoder-ogg-vorbis: bf7c407c2cedff20999df2af8eb42d56 -> 
  custom:audio-encoder-webm-vorbis: bf7c407c2cedff20999df2af8eb42d56 -> 
========================================================================
Received Import Request.
  Time since last request: 22614.363997 seconds.
  path: Assets/Scenes
  artifactKey: Guid(201093f6a3c09644a8430514d99b8f22) Importer(815301076,1909f56bfc062723c751e8b465ee728b)
Start importing Assets/Scenes using Guid(201093f6a3c09644a8430514d99b8f22) Importer(815301076,1909f56bfc062723c751e8b465ee728b)  -> (artifact id: '78be50ac9ef86d68c7a82833bbd6b832') in 0.001958 seconds
Number of updated asset objects reloaded before import = 0
Number of asset objects unloaded after import = 0
========================================================================
Received Import Request.
  Time since last request: 0.000020 seconds.
  path: Assets/Scenes/SampleScene.unity
  artifactKey: Guid(9fc0d4010bbf28b4594072e72b8655ab) Importer(815301076,1909f56bfc062723c751e8b465ee728b)
Start importing Assets/Scenes/SampleScene.unity using Guid(9fc0d4010bbf28b4594072e72b8655ab) Importer(815301076,1909f56bfc062723c751e8b465ee728b)  -> (artifact id: 'bed3a029b446eaab12f6347c498b48a0') in 0.000323 seconds
Number of updated asset objects reloaded before import = 0
Number of asset objects unloaded after import = 0
========================================================================
Received Prepare
Begin MonoManager ReloadAssembly
IOException: Sharing violation on path C:\Users\3dcc3f5365a4d11c\Documents\GitHub\IntroToUnity-Lighting\ProjectSettings\Packages\com.unity.testtools.codecoverage\Settings.json
  at System.IO.FileStream..ctor (System.String path, System.IO.FileMode mode, System.IO.FileAccess access, System.IO.FileShare share, System.Int32 bufferSize, System.Boolean anonymous, System.IO.FileOptions options) [0x0019e] in <bfbc89a04b6b4dd49c3614d03fc31ce8>:0 
  at System.IO.FileStream..ctor (System.String path, System.IO.FileMode mode, System.IO.FileAccess access, System.IO.FileShare share, System.Int32 bufferSize, System.IO.FileOptions options) [0x00000] in <bfbc89a04b6b4dd49c3614d03fc31ce8>:0 
  at (wrapper remoting-invoke-with-check) System.IO.FileStream..ctor(string,System.IO.FileMode,System.IO.FileAccess,System.IO.FileShare,int,System.IO.FileOptions)
  at System.IO.StreamWriter..ctor (System.String path, System.Boolean append, System.Text.Encoding encoding, System.Int32 bufferSize) [0x00055] in <bfbc89a04b6b4dd49c3614d03fc31ce8>:0 
  at System.IO.StreamWriter..ctor (System.String path) [0x00008] in <bfbc89a04b6b4dd49c3614d03fc31ce8>:0 
  at (wrapper remoting-invoke-with-check) System.IO.StreamWriter..ctor(string)
  at System.IO.File.WriteAllText (System.String path, System.String contents) [0x00026] in <bfbc89a04b6b4dd49c3614d03fc31ce8>:0 
  at UnityEditor.SettingsManagement.FileSettingsRepository.Save () [0x000e2] in .\Library\PackageCache\com.unity.settings-manager@2.0.1\Editor\FileSettingsRepository.cs:154 
  at UnityEditor.AssemblyReloadEvents.OnBeforeAssemblyReload () [0x00017] in <8e887700cd7e4674989da7b046e8eaa6>:0 

(Filename: ./Library/PackageCache/com.unity.settings-manager@2.0.1/Editor/FileSettingsRepository.cs Line: 154)

- Loaded All Assemblies, in  0.604 seconds
Refreshing native plugins compatible for Editor in 4.70 ms, found 3 plugins.
Native extension for WindowsStandalone target not found
Native extension for Android target not found
Native extension for WebGL target not found
[Package Manager] Server::EnsureServerProcessIsRunning -- launch failed, reason: Unity was launched with the -noUpm command-line argument
[Package Manager] UpmClient::Send -- Unable to send message (not connected to UPM process).
[Package Manager] Cannot connect to Unity Package Manager local server
Mono: successfully reloaded assembly
- Finished resetting the current domain, in 12.330 seconds
Domain Reload Profiling: 12930ms
	BeginReloadAssembly (208ms)
		ExecutionOrderSort (0ms)
		DisableScriptedObjects (9ms)
		BackupInstance (0ms)
		ReleaseScriptingObjects (0ms)
		CreateAndSetChildDomain (35ms)
	RebuildCommonClasses (40ms)
	RebuildNativeTypeToScriptingClass (14ms)
	initialDomainReloadingComplete (39ms)
	LoadAllAssembliesAndSetupDomain (297ms)
		LoadAssemblies (378ms)
		RebuildTransferFunctionScriptingTraits (0ms)
		AnalyzeDomain (35ms)
			TypeCache.Refresh (16ms)
				TypeCache.ScanAssembly (7ms)
			ScanForSourceGeneratedMonoScriptInfo (11ms)
			ResolveRequiredComponents (6ms)
	FinalizeReload (12331ms)
		ReleaseScriptCaches (0ms)
		RebuildScriptCaches (0ms)
		SetupLoadedEditorAssemblies (510ms)
			LogAssemblyErrors (0ms)
			InitializePlatformSupportModulesInManaged (35ms)
			SetLoadedEditorAssemblies (4ms)
			RefreshPlugins (0ms)
			BeforeProcessingInitializeOnLoad (76ms)
			ProcessInitializeOnLoadAttributes (358ms)
			ProcessInitializeOnLoadMethodAttributes (26ms)
			AfterProcessingInitializeOnLoad (11ms)
			EditorAssembliesLoaded (0ms)
		ExecutionOrderSort2 (0ms)
		AwakeInstancesAfterBackupRestoration (9ms)
Refreshing native plugins compatible for Editor in 5.17 ms, found 3 plugins.
Preloading 0 native plugins for Editor in 0.00 ms.
Unloading 3460 Unused Serialized files (Serialized files now loaded: 0)
Unloading 43 unused Assets / (1.8 MB). Loaded Objects now: 3917.
Memory consumption went from 142.6 MB to 140.8 MB.
Total: 4.312700 ms (FindLiveObjects: 0.419100 ms CreateObjectMapping: 0.103000 ms MarkObjects: 2.835700 ms  DeleteObjects: 0.954000 ms)

Prepare: number of updated asset objects reloaded= 0
AssetImportParameters requested are different than current active one (requested -> active):
  custom:container-demuxer-ogg: 62fdf1f143b41e24485cea50d1cbac27 -> 
  custom:video-decoder-ogg-theora: a1e56fd34408186e4bbccfd4996cb3dc -> 
  custom:framework-win-MediaFoundation: 216162199b28c13a410421893ffa2e32 -> 
  custom:CustomObjectIndexerAttribute: 6d391050e5a25f67b0a2c618074f2cd9 -> 
  custom:container-demuxer-webm: 4f35f7cbe854078d1ac9338744f61a02 -> 
  custom:container-muxer-webm: aa71ff27fc2769a1b78a27578f13a17b -> 
  custom:video-decoder-webm-vp8: 9c59270c3fd7afecdb556c50c9e8de78 -> 
  custom:SearchIndexIgnoredProperties: e643bd26f0fe6173181afceb89e7c659 -> 
  custom:AudioImporter_EditorPlatform: d09bf68614088b80899f8185d706f6e7 -> 
  custom:video-encoder-webm-vp8: eb34c28f22e8b96e1ab97ce403110664 -> 
  custom:audio-decoder-ogg-vorbis: bf7c407c2cedff20999df2af8eb42d56 -> 
  custom:audio-encoder-webm-vorbis: bf7c407c2cedff20999df2af8eb42d56 -> 
========================================================================
Received Prepare
Begin MonoManager ReloadAssembly
- Loaded All Assemblies, in  2.056 seconds
Refreshing native plugins compatible for Editor in 5.14 ms, found 3 plugins.
Native extension for WindowsStandalone target not found
Native extension for Android target not found
Native extension for WebGL target not found
[Package Manager] Server::EnsureServerProcessIsRunning -- launch failed, reason: Unity was launched with the -noUpm command-line argument
[Package Manager] UpmClient::Send -- Unable to send message (not connected to UPM process).
[Package Manager] Cannot connect to Unity Package Manager local server
Mono: successfully reloaded assembly
- Finished resetting the current domain, in 14.524 seconds
Domain Reload Profiling: 16575ms
	BeginReloadAssembly (193ms)
		ExecutionOrderSort (0ms)
		DisableScriptedObjects (8ms)
		BackupInstance (0ms)
		ReleaseScriptingObjects (0ms)
		CreateAndSetChildDomain (34ms)
	RebuildCommonClasses (39ms)
	RebuildNativeTypeToScriptingClass (14ms)
	initialDomainReloadingComplete (40ms)
	LoadAllAssembliesAndSetupDomain (1765ms)
		LoadAssemblies (1860ms)
		RebuildTransferFunctionScriptingTraits (0ms)
		AnalyzeDomain (14ms)
			TypeCache.Refresh (7ms)
				TypeCache.ScanAssembly (0ms)
			ScanForSourceGeneratedMonoScriptInfo (0ms)
			ResolveRequiredComponents (6ms)
	FinalizeReload (14525ms)
		ReleaseScriptCaches (0ms)
		RebuildScriptCaches (0ms)
		SetupLoadedEditorAssemblies (516ms)
			LogAssemblyErrors (0ms)
			InitializePlatformSupportModulesInManaged (36ms)
			SetLoadedEditorAssemblies (4ms)
			RefreshPlugins (0ms)
			BeforeProcessingInitializeOnLoad (77ms)
			ProcessInitializeOnLoadAttributes (362ms)
			ProcessInitializeOnLoadMethodAttributes (26ms)
			AfterProcessingInitializeOnLoad (11ms)
			EditorAssembliesLoaded (0ms)
		ExecutionOrderSort2 (0ms)
		AwakeInstancesAfterBackupRestoration (9ms)
Refreshing native plugins compatible for Editor in 6.03 ms, found 3 plugins.
Preloading 0 native plugins for Editor in 0.00 ms.
Unloading 3460 Unused Serialized files (Serialized files now loaded: 0)
Unloading 44 unused Assets / (1.8 MB). Loaded Objects now: 3920.
Memory consumption went from 144.6 MB to 142.8 MB.
Total: 4.444400 ms (FindLiveObjects: 0.432300 ms CreateObjectMapping: 0.122900 ms MarkObjects: 2.901900 ms  DeleteObjects: 0.986000 ms)

Prepare: number of updated asset objects reloaded= 0
AssetImportParameters requested are different than current active one (requested -> active):
  custom:container-demuxer-ogg: 62fdf1f143b41e24485cea50d1cbac27 -> 
  custom:video-decoder-ogg-theora: a1e56fd34408186e4bbccfd4996cb3dc -> 
  custom:framework-win-MediaFoundation: 216162199b28c13a410421893ffa2e32 -> 
  custom:CustomObjectIndexerAttribute: 6d391050e5a25f67b0a2c618074f2cd9 -> 
  custom:container-demuxer-webm: 4f35f7cbe854078d1ac9338744f61a02 -> 
  custom:container-muxer-webm: aa71ff27fc2769a1b78a27578f13a17b -> 
  custom:video-decoder-webm-vp8: 9c59270c3fd7afecdb556c50c9e8de78 -> 
  custom:SearchIndexIgnoredProperties: e643bd26f0fe6173181afceb89e7c659 -> 
  custom:AudioImporter_EditorPlatform: d09bf68614088b80899f8185d706f6e7 -> 
  custom:video-encoder-webm-vp8: eb34c28f22e8b96e1ab97ce403110664 -> 
  custom:audio-decoder-ogg-vorbis: bf7c407c2cedff20999df2af8eb42d56 -> 
  custom:audio-encoder-webm-vorbis: bf7c407c2cedff20999df2af8eb42d56 -> 
========================================================================
Received Import Request.
  Time since last request: 2498.525054 seconds.
  path: Assets/Scenes/ParticleEffects.unity
  artifactKey: Guid(4c9ef512d73461a46b85436850dd294a) Importer(815301076,1909f56bfc062723c751e8b465ee728b)
Start importing Assets/Scenes/ParticleEffects.unity using Guid(4c9ef512d73461a46b85436850dd294a) Importer(815301076,1909f56bfc062723c751e8b465ee728b)  -> (artifact id: '1f80f56d7e5b35b36f8e07e66559da17') in 0.002656 seconds
Number of updated asset objects reloaded before import = 0
Number of asset objects unloaded after import = 0
========================================================================
Received Import Request.
  Time since last request: 18.479134 seconds.
  path: Assets/Scenes/SampleScene.unity
  artifactKey: Guid(9fc0d4010bbf28b4594072e72b8655ab) Importer(815301076,1909f56bfc062723c751e8b465ee728b)
Start importing Assets/Scenes/SampleScene.unity using Guid(9fc0d4010bbf28b4594072e72b8655ab) Importer(815301076,1909f56bfc062723c751e8b465ee728b)  -> (artifact id: 'cd1d9888246c23f27d4d411d4e9c0758') in 0.000615 seconds
Number of updated asset objects reloaded before import = 0
Number of asset objects unloaded after import = 0
========================================================================
Received Import Request.
  Time since last request: 79.776873 seconds.
  path: Assets
  artifactKey: Guid(00000000000000001000000000000000) Importer(815301076,1909f56bfc062723c751e8b465ee728b)
Start importing Assets using Guid(00000000000000001000000000000000) Importer(815301076,1909f56bfc062723c751e8b465ee728b)  -> (artifact id: '8a4fe85251aa2e89732c359432baa2c3') in 0.000650 seconds
Number of updated asset objects reloaded before import = 0
Number of asset objects unloaded after import = 0
========================================================================
Received Import Request.
  Time since last request: 4.414759 seconds.
  path: Assets/ParticleEffects
  artifactKey: Guid(7a2dad98d1939d143bc2b09a833548f3) Importer(815301076,1909f56bfc062723c751e8b465ee728b)
Start importing Assets/ParticleEffects using Guid(7a2dad98d1939d143bc2b09a833548f3) Importer(815301076,1909f56bfc062723c751e8b465ee728b)  -> (artifact id: '501e818493b091aa53895ff2ea32ddcc') in 0.000523 seconds
Number of updated asset objects reloaded before import = 0
Number of asset objects unloaded after import = 0
========================================================================
Received Import Request.
  Time since last request: 23.039631 seconds.
  path: Assets/ParticleEffects/TestPlane.mat
  artifactKey: Guid(c6c3ab6ff15ca194d97bb224b9cf120a) Importer(815301076,1909f56bfc062723c751e8b465ee728b)
Start importing Assets/ParticleEffects/TestPlane.mat using Guid(c6c3ab6ff15ca194d97bb224b9cf120a) Importer(815301076,1909f56bfc062723c751e8b465ee728b)  -> (artifact id: 'cb98027a5414801b7ed2503b9fe815b3') in 0.374172 seconds
Number of updated asset objects reloaded before import = 0
Number of asset objects unloaded after import = 1
========================================================================
Received Import Request.
  Time since last request: 783.121092 seconds.
  path: Assets/Materials/Sphere.mat
  artifactKey: Guid(248d1203ae7248742a7d334ac506f0f3) Importer(815301076,1909f56bfc062723c751e8b465ee728b)
Start importing Assets/Materials/Sphere.mat using Guid(248d1203ae7248742a7d334ac506f0f3) Importer(815301076,1909f56bfc062723c751e8b465ee728b)  -> (artifact id: '632d62b45f2cb0c9432b8c5fbfa652c9') in 0.128982 seconds
Number of updated asset objects reloaded before import = 0
Number of asset objects unloaded after import = 1
========================================================================
Received Import Request.
  Time since last request: 0.000022 seconds.
  path: Assets/Materials/Block1.mat
  artifactKey: Guid(a037387592f8a1045a9589c4e900796c) Importer(815301076,1909f56bfc062723c751e8b465ee728b)
Start importing Assets/Materials/Block1.mat using Guid(a037387592f8a1045a9589c4e900796c) Importer(815301076,1909f56bfc062723c751e8b465ee728b)  -> (artifact id: '2ec5738db4bc264825cf03c771a198a4') in 0.129264 seconds
Number of updated asset objects reloaded before import = 0
Number of asset objects unloaded after import = 1
========================================================================
Received Import Request.
  Time since last request: 0.000022 seconds.
  path: Assets/Materials/Skybox.mat
  artifactKey: Guid(fbf7146a6ea057a498644be516ada72b) Importer(815301076,1909f56bfc062723c751e8b465ee728b)
Start importing Assets/Materials/Skybox.mat using Guid(fbf7146a6ea057a498644be516ada72b) Importer(815301076,1909f56bfc062723c751e8b465ee728b)  -> (artifact id: '1f0f495f050f3743d9c3bb75fc0b5e73') in 0.079381 seconds
Number of updated asset objects reloaded before import = 0
Number of asset objects unloaded after import = 1
========================================================================
Received Import Request.
  Time since last request: 1377.451726 seconds.
  path: Assets/ParticleEffects/TestPlane.mat
  artifactKey: Guid(c6c3ab6ff15ca194d97bb224b9cf120a) Importer(815301076,1909f56bfc062723c751e8b465ee728b)
Start importing Assets/ParticleEffects/TestPlane.mat using Guid(c6c3ab6ff15ca194d97bb224b9cf120a) Importer(815301076,1909f56bfc062723c751e8b465ee728b)  -> (artifact id: 'ca76440cebf4e5d331f9062d2c6cbbd3') in 0.039619 seconds
Number of updated asset objects reloaded before import = 0
Number of asset objects unloaded after import = 1
========================================================================
Received Import Request.
  Time since last request: 3933.341881 seconds.
  path: Assets/ParticleEffects/Materials
  artifactKey: Guid(bdf83fdb484bc5e4b9da0d5730b931e5) Importer(815301076,1909f56bfc062723c751e8b465ee728b)
Start importing Assets/ParticleEffects/Materials using Guid(bdf83fdb484bc5e4b9da0d5730b931e5) Importer(815301076,1909f56bfc062723c751e8b465ee728b)  -> (artifact id: 'a942f317102beefb4175f7199f6bc39e') in 0.000672 seconds
Number of updated asset objects reloaded before import = 0
Number of asset objects unloaded after import = 0
========================================================================
Received Import Request.
  Time since last request: 15.401306 seconds.
  path: Assets/ParticleEffects/Materials/Brick_Sand_ambientOcclusion_1.png
  artifactKey: Guid(361304104a1fab64f9bb957cdf5cafc9) Importer(815301076,1909f56bfc062723c751e8b465ee728b)
Start importing Assets/ParticleEffects/Materials/Brick_Sand_ambientOcclusion_1.png using Guid(361304104a1fab64f9bb957cdf5cafc9) Importer(815301076,1909f56bfc062723c751e8b465ee728b)  -> (artifact id: '1e0e0051d3b11d43270a70fddf26bf8f') in 0.143496 seconds
Number of updated asset objects reloaded before import = 0
Number of asset objects unloaded after import = 2
========================================================================
Received Import Request.
  Time since last request: 0.000023 seconds.
  path: Assets/ParticleEffects/Materials/Rocks_TCE_Rocks_v02_Jungle_Mat_Height.png
  artifactKey: Guid(581bdd8ca085e984492a882c8b3a2fd5) Importer(815301076,1909f56bfc062723c751e8b465ee728b)
Start importing Assets/ParticleEffects/Materials/Rocks_TCE_Rocks_v02_Jungle_Mat_Height.png using Guid(581bdd8ca085e984492a882c8b3a2fd5) Importer(815301076,1909f56bfc062723c751e8b465ee728b)  -> (artifact id: 'f5fdc2991206762af9ff397a7376a8aa') in 0.042698 seconds
Number of updated asset objects reloaded before import = 0
Number of asset objects unloaded after import = 2
========================================================================
Received Import Request.
  Time since last request: 0.000033 seconds.
  path: Assets/ParticleEffects/Materials/Rocks_TCE_Rocks_v02_Jungle_Mat_Metallic.png
  artifactKey: Guid(701578045cf406e4682195fd1845a410) Importer(815301076,1909f56bfc062723c751e8b465ee728b)
Start importing Assets/ParticleEffects/Materials/Rocks_TCE_Rocks_v02_Jungle_Mat_Metallic.png using Guid(701578045cf406e4682195fd1845a410) Importer(815301076,1909f56bfc062723c751e8b465ee728b)  -> (artifact id: '10b36dc591ca8605d66cbecf498c2ef7') in 0.046368 seconds
Number of updated asset objects reloaded before import = 0
Number of asset objects unloaded after import = 2
========================================================================
Received Import Request.
  Time since last request: 0.000024 seconds.
  path: Assets/ParticleEffects/Materials/Brick_Sand_normal_1.png
  artifactKey: Guid(60565a0688844d74a89fc92aa0aad73e) Importer(815301076,1909f56bfc062723c751e8b465ee728b)
Start importing Assets/ParticleEffects/Materials/Brick_Sand_normal_1.png using Guid(60565a0688844d74a89fc92aa0aad73e) Importer(815301076,1909f56bfc062723c751e8b465ee728b)  -> (artifact id: '320914e491cffb5dc269bb7d883e8718') in 0.098689 seconds
Number of updated asset objects reloaded before import = 0
Number of asset objects unloaded after import = 2
========================================================================
Received Import Request.
  Time since last request: 0.000022 seconds.
  path: Assets/ParticleEffects/Materials/Brick_Sand_height_1.png
  artifactKey: Guid(183f82ca0b560a0408f1ab7018afda35) Importer(815301076,1909f56bfc062723c751e8b465ee728b)
Start importing Assets/ParticleEffects/Materials/Brick_Sand_height_1.png using Guid(183f82ca0b560a0408f1ab7018afda35) Importer(815301076,1909f56bfc062723c751e8b465ee728b)  -> (artifact id: '9f486fcade52f616601f71c15c3f59d7') in 0.062639 seconds
Number of updated asset objects reloaded before import = 0
Number of asset objects unloaded after import = 2
========================================================================
Received Import Request.
  Time since last request: 0.000244 seconds.
  path: Assets/ParticleEffects/Materials/Rocks_TCE_Rocks_v02_Jungle_Mat_Roughness.png
  artifactKey: Guid(aa2d6c97ad026724699a93c83106dc7f) Importer(815301076,1909f56bfc062723c751e8b465ee728b)
Start importing Assets/ParticleEffects/Materials/Rocks_TCE_Rocks_v02_Jungle_Mat_Roughness.png using Guid(aa2d6c97ad026724699a93c83106dc7f) Importer(815301076,1909f56bfc062723c751e8b465ee728b)  -> (artifact id: '4882d732867704b3e2c8382ae69acc99') in 0.029785 seconds
Number of updated asset objects reloaded before import = 0
Number of asset objects unloaded after import = 2
========================================================================
Received Import Request.
  Time since last request: 0.000022 seconds.
  path: Assets/ParticleEffects/Materials/Sparkle_BnW.png
  artifactKey: Guid(9783b23160c921946ab312d5620696b9) Importer(815301076,1909f56bfc062723c751e8b465ee728b)
Start importing Assets/ParticleEffects/Materials/Sparkle_BnW.png using Guid(9783b23160c921946ab312d5620696b9) Importer(815301076,1909f56bfc062723c751e8b465ee728b)  -> (artifact id: 'e5c68f1554e446222c08bf8de334c43e') in 0.023479 seconds
Number of updated asset objects reloaded before import = 0
Number of asset objects unloaded after import = 2
========================================================================
Received Import Request.
  Time since last request: 14.472337 seconds.
  path: Assets/ParticleEffects/Materials/M_Sparkle.mat
  artifactKey: Guid(e12ec5d288e70fb49916308faffefcc9) Importer(815301076,1909f56bfc062723c751e8b465ee728b)
Start importing Assets/ParticleEffects/Materials/M_Sparkle.mat using Guid(e12ec5d288e70fb49916308faffefcc9) Importer(815301076,1909f56bfc062723c751e8b465ee728b)  -> (artifact id: 'f7c30fee032ad3036f283e814ff34b7f') in 0.039312 seconds
Number of updated asset objects reloaded before import = 0
Number of asset objects unloaded after import = 1
========================================================================
Received Import Request.
  Time since last request: 251.637625 seconds.
  path: Assets/ParticleEffects/Materials/Sparkle_BnW.png
  artifactKey: Guid(9783b23160c921946ab312d5620696b9) Importer(815301076,1909f56bfc062723c751e8b465ee728b)
Start importing Assets/ParticleEffects/Materials/Sparkle_BnW.png using Guid(9783b23160c921946ab312d5620696b9) Importer(815301076,1909f56bfc062723c751e8b465ee728b)  -> (artifact id: '0b231fd7e1d7196b82c87315ec0f4f17') in 0.081340 seconds
Number of updated asset objects reloaded before import = 0
Number of asset objects unloaded after import = 3
========================================================================
Received Import Request.
  Time since last request: 4.950427 seconds.
  path: Assets/ParticleEffects/Materials/Sparkle_BnW.png
  artifactKey: Guid(9783b23160c921946ab312d5620696b9) Importer(815301076,1909f56bfc062723c751e8b465ee728b)
Start importing Assets/ParticleEffects/Materials/Sparkle_BnW.png using Guid(9783b23160c921946ab312d5620696b9) Importer(815301076,1909f56bfc062723c751e8b465ee728b)  -> (artifact id: '13cc458370966a071f63053ea0a22dbb') in 0.025185 seconds
Number of updated asset objects reloaded before import = 0
Number of asset objects unloaded after import = 3
========================================================================
Received Import Request.
  Time since last request: 4.920605 seconds.
  path: Assets/ParticleEffects/Materials/Sparkle_BnW.png
  artifactKey: Guid(9783b23160c921946ab312d5620696b9) Importer(815301076,1909f56bfc062723c751e8b465ee728b)
Start importing Assets/ParticleEffects/Materials/Sparkle_BnW.png using Guid(9783b23160c921946ab312d5620696b9) Importer(815301076,1909f56bfc062723c751e8b465ee728b)  -> (artifact id: 'd57c3b9872b6c75697a727c5196c936d') in 0.023751 seconds
Number of updated asset objects reloaded before import = 0
Number of asset objects unloaded after import = 3
========================================================================
Received Import Request.
  Time since last request: 162.264471 seconds.
  path: Assets/ParticleEffects/Materials/M_Sparkle.mat
  artifactKey: Guid(e12ec5d288e70fb49916308faffefcc9) Importer(815301076,1909f56bfc062723c751e8b465ee728b)
Start importing Assets/ParticleEffects/Materials/M_Sparkle.mat using Guid(e12ec5d288e70fb49916308faffefcc9) Importer(815301076,1909f56bfc062723c751e8b465ee728b)  -> (artifact id: '148bbeb0c902e4e3fcc107b03b958330') in 0.064626 seconds
Number of updated asset objects reloaded before import = 0
Number of asset objects unloaded after import = 2
